save_stuff : False
is_train : True
data_dir : ./cifar10/cifar-10-batches-py
eval_freq : 250
learning_rate : 0.0001
print_freq : 10
standardise : False
batch_size : 128
checkpoint_dir : checkpoints_01reg_lr1e4_sqrtinit_dropout50
log_dir : ./logs/test
train_model : linear
checkpoint_freq : 1000
dropout_rate : 0.5
max_steps : 15000
fc_reg_str : 0.01
0.01

Epoch 0 
Test accuracy: 0.0955 
Test loss    : 4.57032

Epoch 100 
Test accuracy: 0.2905 
Test loss    : 3.40921

Epoch 200 
Test accuracy: 0.3594 
Test loss    : 2.86094

Epoch 300 
Test accuracy: 0.4225 
Test loss    : 2.59093

Epoch 400 
Test accuracy: 0.4452 
Test loss    : 2.38284

Epoch 500 
Test accuracy: 0.4613 
Test loss    : 2.31541

Epoch 600 
Test accuracy: 0.5036 
Test loss    : 2.18557

Epoch 700 
Test accuracy: 0.5119 
Test loss    : 2.11589

Epoch 800 
Test accuracy: 0.5363 
Test loss    : 2.04109

Epoch 900 
Test accuracy: 0.55 
Test loss    : 1.92951

Epoch 1000 
Test accuracy: 0.5719 
Test loss    : 1.90596
Model saved in file: checkpoints_01reg_lr1e4_sqrtinit_dropout50/epoch1000.ckpt

Epoch 1100 
Test accuracy: 0.5867 
Test loss    : 1.8146

Epoch 1200 
Test accuracy: 0.5901 
Test loss    : 1.74151

Epoch 1300 
Test accuracy: 0.6053 
Test loss    : 1.70887

Epoch 1400 
Test accuracy: 0.6203 
Test loss    : 1.66323

Epoch 1500 
Test accuracy: 0.6114 
Test loss    : 1.64447

Epoch 1600 
Test accuracy: 0.6161 
Test loss    : 1.59239

Epoch 1700 
Test accuracy: 0.6396 
Test loss    : 1.5321

Epoch 1800 
Test accuracy: 0.6354 
Test loss    : 1.53311

Epoch 1900 
Test accuracy: 0.6406 
Test loss    : 1.50326

Epoch 2000 
Test accuracy: 0.6475 
Test loss    : 1.45919
Model saved in file: checkpoints_01reg_lr1e4_sqrtinit_dropout50/epoch2000.ckpt

Epoch 2100 
Test accuracy: 0.6567 
Test loss    : 1.4229

Epoch 2200 
Test accuracy: 0.6494 
Test loss    : 1.45504

Epoch 2300 
Test accuracy: 0.6619 
Test loss    : 1.43946

Epoch 2400 
Test accuracy: 0.6592 
Test loss    : 1.39081

Epoch 2500 
Test accuracy: 0.6691 
Test loss    : 1.30908

Epoch 2600 
Test accuracy: 0.6527 
Test loss    : 1.32434

Epoch 2700 
Test accuracy: 0.6774 
Test loss    : 1.33984

Epoch 2800 
Test accuracy: 0.6681 
Test loss    : 1.34954

Epoch 2900 
Test accuracy: 0.6826 
Test loss    : 1.28956

Epoch 3000 
Test accuracy: 0.6848 
Test loss    : 1.31554
Model saved in file: checkpoints_01reg_lr1e4_sqrtinit_dropout50/epoch3000.ckpt

Epoch 3100 
Test accuracy: 0.6915 
Test loss    : 1.31126

Epoch 3200 
Test accuracy: 0.6892 
Test loss    : 1.26229

Epoch 3300 
Test accuracy: 0.6949 
Test loss    : 1.2181

Epoch 3400 
Test accuracy: 0.691 
Test loss    : 1.22638

Epoch 3500 
Test accuracy: 0.6971 
Test loss    : 1.24536

Epoch 3600 
Test accuracy: 0.6989 
Test loss    : 1.20782

Epoch 3700 
Test accuracy: 0.7035 
Test loss    : 1.18425

Epoch 3800 
Test accuracy: 0.7052 
Test loss    : 1.19331

Epoch 3900 
Test accuracy: 0.7013 
Test loss    : 1.24727

Epoch 4000 
Test accuracy: 0.7085 
Test loss    : 1.16773
Model saved in file: checkpoints_01reg_lr1e4_sqrtinit_dropout50/epoch4000.ckpt

Epoch 4100 
Test accuracy: 0.688 
Test loss    : 1.20383

Epoch 4200 
Test accuracy: 0.7088 
Test loss    : 1.14564

Epoch 4300 
Test accuracy: 0.7112 
Test loss    : 1.1536

Epoch 4400 
Test accuracy: 0.7154 
Test loss    : 1.11824

Epoch 4500 
Test accuracy: 0.7131 
Test loss    : 1.15696

Epoch 4600 
Test accuracy: 0.7021 
Test loss    : 1.18153

Epoch 4700 
Test accuracy: 0.7192 
Test loss    : 1.12559

Epoch 4800 
Test accuracy: 0.7241 
Test loss    : 1.12537

Epoch 4900 
Test accuracy: 0.7264 
Test loss    : 1.08295

Epoch 5000 
Test accuracy: 0.723 
Test loss    : 1.08984
Model saved in file: checkpoints_01reg_lr1e4_sqrtinit_dropout50/epoch5000.ckpt

Epoch 5100 
Test accuracy: 0.7257 
Test loss    : 1.08725

Epoch 5200 
Test accuracy: 0.7164 
Test loss    : 1.09103

Epoch 5300 
Test accuracy: 0.717 
Test loss    : 1.09392

Epoch 5400 
Test accuracy: 0.7222 
Test loss    : 1.06478

Epoch 5500 
Test accuracy: 0.7274 
Test loss    : 1.10505

Epoch 5600 
Test accuracy: 0.7265 
Test loss    : 1.06609

Epoch 5700 
Test accuracy: 0.7295 
Test loss    : 1.0783

Epoch 5800 
Test accuracy: 0.7354 
Test loss    : 1.0756

Epoch 5900 
Test accuracy: 0.7347 
Test loss    : 1.0573

Epoch 6000 
Test accuracy: 0.7366 
Test loss    : 1.03757
Model saved in file: checkpoints_01reg_lr1e4_sqrtinit_dropout50/epoch6000.ckpt

Epoch 6100 
Test accuracy: 0.7317 
Test loss    : 1.06187

Epoch 6200 
Test accuracy: 0.7405 
Test loss    : 1.04876

Epoch 6300 
Test accuracy: 0.7377 
Test loss    : 1.02818

Epoch 6400 
Test accuracy: 0.7387 
Test loss    : 1.05546

Epoch 6500 
Test accuracy: 0.7361 
Test loss    : 1.01986

Epoch 6600 
Test accuracy: 0.7357 
Test loss    : 1.02745

Epoch 6700 
Test accuracy: 0.7331 
Test loss    : 1.02724

Epoch 6800 
Test accuracy: 0.7438 
Test loss    : 1.00846

Epoch 6900 
Test accuracy: 0.741 
Test loss    : 1.03755

Epoch 7000 
Test accuracy: 0.7359 
Test loss    : 1.02094
Model saved in file: checkpoints_01reg_lr1e4_sqrtinit_dropout50/epoch7000.ckpt

Epoch 7100 
Test accuracy: 0.7447 
Test loss    : 1.00238

Epoch 7200 
Test accuracy: 0.7329 
Test loss    : 1.02354

Epoch 7300 
Test accuracy: 0.742 
Test loss    : 1.01485

Epoch 7400 
Test accuracy: 0.7473 
Test loss    : 0.989648

Epoch 7500 
Test accuracy: 0.7406 
Test loss    : 0.983999

Epoch 7600 
Test accuracy: 0.7445 
Test loss    : 0.978227

Epoch 7700 
Test accuracy: 0.7462 
Test loss    : 1.01393

Epoch 7800 
Test accuracy: 0.7528 
Test loss    : 0.981359

Epoch 7900 
Test accuracy: 0.7377 
Test loss    : 1.00267

Epoch 8000 
Test accuracy: 0.7489 
Test loss    : 0.991594
Model saved in file: checkpoints_01reg_lr1e4_sqrtinit_dropout50/epoch8000.ckpt

Epoch 8100 
Test accuracy: 0.7433 
Test loss    : 0.977233

Epoch 8200 
Test accuracy: 0.7485 
Test loss    : 0.967991

Epoch 8300 
Test accuracy: 0.7507 
Test loss    : 0.991895

Epoch 8400 
Test accuracy: 0.7492 
Test loss    : 0.986406

Epoch 8500 
Test accuracy: 0.7529 
Test loss    : 0.968181

Epoch 8600 
Test accuracy: 0.7536 
Test loss    : 0.948026

Epoch 8700 
Test accuracy: 0.7571 
Test loss    : 0.962028

Epoch 8800 
Test accuracy: 0.7402 
Test loss    : 1.00273

Epoch 8900 
Test accuracy: 0.7548 
Test loss    : 0.977749

Epoch 9000 
Test accuracy: 0.7586 
Test loss    : 0.936671
Model saved in file: checkpoints_01reg_lr1e4_sqrtinit_dropout50/epoch9000.ckpt

Epoch 9100 
Test accuracy: 0.7533 
Test loss    : 0.966765

Epoch 9200 
Test accuracy: 0.7544 
Test loss    : 0.956051

Epoch 9300 
Test accuracy: 0.759 
Test loss    : 0.953336

Epoch 9400 
Test accuracy: 0.7479 
Test loss    : 0.953885

Epoch 9500 
Test accuracy: 0.7605 
Test loss    : 0.946255

Epoch 9600 
Test accuracy: 0.7558 
Test loss    : 0.935353

Epoch 9700 
Test accuracy: 0.7546 
Test loss    : 0.947338

Epoch 9800 
Test accuracy: 0.7548 
Test loss    : 0.95414

Epoch 9900 
Test accuracy: 0.7574 
Test loss    : 0.965207

Epoch 10000 
Test accuracy: 0.7609 
Test loss    : 0.9538
Model saved in file: checkpoints_01reg_lr1e4_sqrtinit_dropout50/epoch10000.ckpt

Epoch 10100 
Test accuracy: 0.7594 
Test loss    : 0.954378

Epoch 10200 
Test accuracy: 0.7602 
Test loss    : 0.952321

Epoch 10300 
Test accuracy: 0.7579 
Test loss    : 0.952002

Epoch 10400 
Test accuracy: 0.7546 
Test loss    : 0.964402

Epoch 10500 
Test accuracy: 0.7581 
Test loss    : 0.929687

Epoch 10600 
Test accuracy: 0.7604 
Test loss    : 0.933142

Epoch 10700 
Test accuracy: 0.7609 
Test loss    : 0.935842

Epoch 10800 
Test accuracy: 0.7638 
Test loss    : 0.931946

Epoch 10900 
Test accuracy: 0.7635 
Test loss    : 0.937424

Epoch 11000 
Test accuracy: 0.7658 
Test loss    : 0.928665
Model saved in file: checkpoints_01reg_lr1e4_sqrtinit_dropout50/epoch11000.ckpt

Epoch 11100 
Test accuracy: 0.7678 
Test loss    : 0.926282

Epoch 11200 
Test accuracy: 0.7621 
Test loss    : 0.914134

Epoch 11300 
Test accuracy: 0.7594 
Test loss    : 0.946925

Epoch 11400 
Test accuracy: 0.7602 
Test loss    : 0.947087

Epoch 11500 
Test accuracy: 0.7615 
Test loss    : 0.910739

Epoch 11600 
Test accuracy: 0.7685 
Test loss    : 0.917119

Epoch 11700 
Test accuracy: 0.7693 
Test loss    : 0.918763

Epoch 11800 
Test accuracy: 0.7613 
Test loss    : 0.932261

Epoch 11900 
Test accuracy: 0.7611 
Test loss    : 0.933751

Epoch 12000 
Test accuracy: 0.7594 
Test loss    : 0.937875
Model saved in file: checkpoints_01reg_lr1e4_sqrtinit_dropout50/epoch12000.ckpt

Epoch 12100 
Test accuracy: 0.7551 
Test loss    : 0.932547

Epoch 12200 
Test accuracy: 0.7664 
Test loss    : 0.914132

Epoch 12300 
Test accuracy: 0.7636 
Test loss    : 0.92756

Epoch 12400 
Test accuracy: 0.7649 
Test loss    : 0.916651

Epoch 12500 
Test accuracy: 0.7681 
Test loss    : 0.919585

Epoch 12600 
Test accuracy: 0.7566 
Test loss    : 0.927637

Epoch 12700 
Test accuracy: 0.7639 
Test loss    : 0.912314

Epoch 12800 
Test accuracy: 0.7632 
Test loss    : 0.913588

Epoch 12900 
Test accuracy: 0.7674 
Test loss    : 0.908265

Epoch 13000 
Test accuracy: 0.7616 
Test loss    : 0.92327
Model saved in file: checkpoints_01reg_lr1e4_sqrtinit_dropout50/epoch13000.ckpt

Epoch 13100 
Test accuracy: 0.7725 
Test loss    : 0.901233

Epoch 13200 
Test accuracy: 0.7695 
Test loss    : 0.91434

Epoch 13300 
Test accuracy: 0.7676 
Test loss    : 0.895807

Epoch 13400 
Test accuracy: 0.7678 
Test loss    : 0.906092

Epoch 13500 
Test accuracy: 0.7739 
Test loss    : 0.885962

Epoch 13600 
Test accuracy: 0.7742 
Test loss    : 0.892941

Epoch 13700 
Test accuracy: 0.7636 
Test loss    : 0.907493

Epoch 13800 
Test accuracy: 0.7759 
Test loss    : 0.888374

Epoch 13900 
Test accuracy: 0.7739 
Test loss    : 0.887319

Epoch 14000 
Test accuracy: 0.7743 
Test loss    : 0.905517
Model saved in file: checkpoints_01reg_lr1e4_sqrtinit_dropout50/epoch14000.ckpt

Epoch 14100 
Test accuracy: 0.7695 
Test loss    : 0.884841

Epoch 14200 
Test accuracy: 0.7727 
Test loss    : 0.902448

Epoch 14300 
Test accuracy: 0.7695 
Test loss    : 0.901286

Epoch 14400 
Test accuracy: 0.7681 
Test loss    : 0.892848

Epoch 14500 
Test accuracy: 0.7743 
Test loss    : 0.881498

Epoch 14600 
Test accuracy: 0.7764 
Test loss    : 0.88881

Epoch 14700 
Test accuracy: 0.7757 
Test loss    : 0.892862

Epoch 14800 
Test accuracy: 0.7647 
Test loss    : 0.910296

Epoch 14900 
Test accuracy: 0.7725 
Test loss    : 0.886654

Final test accuracy: 0.7782 
Final test loss    : 0.886503
