save_stuff : False
is_train : True
data_dir : ./cifar10/cifar-10-batches-py
eval_freq : 250
learning_rate : 0.0001
print_freq : 10
standardise : False
batch_size : 128
checkpoint_dir : checkpoints_1reg_lr1e4_sqrtinit_dropout50
log_dir : ./logs/test
train_model : linear
checkpoint_freq : 1000
dropout_rate : 0.5
max_steps : 15000
fc_reg_str : 0.1
0.1

Epoch 0 
Test accuracy: 0.0955 
Test loss    : 24.9786

Epoch 100 
Test accuracy: 0.2797 
Test loss    : 12.3052

Epoch 200 
Test accuracy: 0.3368 
Test loss    : 7.49181

Epoch 300 
Test accuracy: 0.4089 
Test loss    : 5.37031

Epoch 400 
Test accuracy: 0.4172 
Test loss    : 4.20485

Epoch 500 
Test accuracy: 0.4388 
Test loss    : 3.50801

Epoch 600 
Test accuracy: 0.4614 
Test loss    : 3.01496

Epoch 700 
Test accuracy: 0.4818 
Test loss    : 2.67979

Epoch 800 
Test accuracy: 0.4974 
Test loss    : 2.45119

Epoch 900 
Test accuracy: 0.5132 
Test loss    : 2.24751

Epoch 1000 
Test accuracy: 0.5242 
Test loss    : 2.13214
Model saved in file: checkpoints_1reg_lr1e4_sqrtinit_dropout50/epoch1000.ckpt

Epoch 1100 
Test accuracy: 0.5289 
Test loss    : 1.99424

Epoch 1200 
Test accuracy: 0.528 
Test loss    : 1.90431

Epoch 1300 
Test accuracy: 0.5561 
Test loss    : 1.79827

Epoch 1400 
Test accuracy: 0.5637 
Test loss    : 1.79361

Epoch 1500 
Test accuracy: 0.5481 
Test loss    : 1.75144

Epoch 1600 
Test accuracy: 0.5654 
Test loss    : 1.72624

Epoch 1700 
Test accuracy: 0.5706 
Test loss    : 1.69943

Epoch 1800 
Test accuracy: 0.5811 
Test loss    : 1.67127

Epoch 1900 
Test accuracy: 0.5788 
Test loss    : 1.61776

Epoch 2000 
Test accuracy: 0.5821 
Test loss    : 1.61756
Model saved in file: checkpoints_1reg_lr1e4_sqrtinit_dropout50/epoch2000.ckpt

Epoch 2100 
Test accuracy: 0.5961 
Test loss    : 1.58

Epoch 2200 
Test accuracy: 0.5874 
Test loss    : 1.63892

Epoch 2300 
Test accuracy: 0.577 
Test loss    : 1.61997

Epoch 2400 
Test accuracy: 0.5972 
Test loss    : 1.55961

Epoch 2500 
Test accuracy: 0.6095 
Test loss    : 1.52095

Epoch 2600 
Test accuracy: 0.5898 
Test loss    : 1.53641

Epoch 2700 
Test accuracy: 0.6127 
Test loss    : 1.52527

Epoch 2800 
Test accuracy: 0.6191 
Test loss    : 1.51682

Epoch 2900 
Test accuracy: 0.6141 
Test loss    : 1.48509

Epoch 3000 
Test accuracy: 0.617 
Test loss    : 1.55736
Model saved in file: checkpoints_1reg_lr1e4_sqrtinit_dropout50/epoch3000.ckpt

Epoch 3100 
Test accuracy: 0.6045 
Test loss    : 1.57182

Epoch 3200 
Test accuracy: 0.623 
Test loss    : 1.47535

Epoch 3300 
Test accuracy: 0.6249 
Test loss    : 1.45145

Epoch 3400 
Test accuracy: 0.6216 
Test loss    : 1.47796

Epoch 3500 
Test accuracy: 0.633 
Test loss    : 1.46241

Epoch 3600 
Test accuracy: 0.6303 
Test loss    : 1.4752

Epoch 3700 
Test accuracy: 0.6379 
Test loss    : 1.43544

Epoch 3800 
Test accuracy: 0.6448 
Test loss    : 1.43229

Epoch 3900 
Test accuracy: 0.6223 
Test loss    : 1.49337

Epoch 4000 
Test accuracy: 0.6373 
Test loss    : 1.44902
Model saved in file: checkpoints_1reg_lr1e4_sqrtinit_dropout50/epoch4000.ckpt

Epoch 4100 
Test accuracy: 0.6113 
Test loss    : 1.45663

Epoch 4200 
Test accuracy: 0.6402 
Test loss    : 1.40942

Epoch 4300 
Test accuracy: 0.6475 
Test loss    : 1.39996

Epoch 4400 
Test accuracy: 0.6579 
Test loss    : 1.38653

Epoch 4500 
Test accuracy: 0.655 
Test loss    : 1.41032

Epoch 4600 
Test accuracy: 0.6544 
Test loss    : 1.41694

Epoch 4700 
Test accuracy: 0.6629 
Test loss    : 1.39256

Epoch 4800 
Test accuracy: 0.6538 
Test loss    : 1.38504

Epoch 4900 
Test accuracy: 0.6563 
Test loss    : 1.37125

Epoch 5000 
Test accuracy: 0.6645 
Test loss    : 1.36636
Model saved in file: checkpoints_1reg_lr1e4_sqrtinit_dropout50/epoch5000.ckpt

Epoch 5100 
Test accuracy: 0.6575 
Test loss    : 1.35656

Epoch 5200 
Test accuracy: 0.648 
Test loss    : 1.36997

Epoch 5300 
Test accuracy: 0.6638 
Test loss    : 1.38439

Epoch 5400 
Test accuracy: 0.658 
Test loss    : 1.36999

Epoch 5500 
Test accuracy: 0.6608 
Test loss    : 1.37889

Epoch 5600 
Test accuracy: 0.672 
Test loss    : 1.31544

Epoch 5700 
Test accuracy: 0.6746 
Test loss    : 1.37683

Epoch 5800 
Test accuracy: 0.6706 
Test loss    : 1.35258

Epoch 5900 
Test accuracy: 0.6655 
Test loss    : 1.33991

Epoch 6000 
Test accuracy: 0.6787 
Test loss    : 1.30231
Model saved in file: checkpoints_1reg_lr1e4_sqrtinit_dropout50/epoch6000.ckpt

Epoch 6100 
Test accuracy: 0.6691 
Test loss    : 1.3109

Epoch 6200 
Test accuracy: 0.6753 
Test loss    : 1.34409

Epoch 6300 
Test accuracy: 0.6722 
Test loss    : 1.34498

Epoch 6400 
Test accuracy: 0.6882 
Test loss    : 1.31898

Epoch 6500 
Test accuracy: 0.6781 
Test loss    : 1.30313

Epoch 6600 
Test accuracy: 0.6757 
Test loss    : 1.30192

Epoch 6700 
Test accuracy: 0.6699 
Test loss    : 1.32258

Epoch 6800 
Test accuracy: 0.6858 
Test loss    : 1.30509

Epoch 6900 
Test accuracy: 0.6776 
Test loss    : 1.30198

Epoch 7000 
Test accuracy: 0.6606 
Test loss    : 1.31247
Model saved in file: checkpoints_1reg_lr1e4_sqrtinit_dropout50/epoch7000.ckpt

Epoch 7100 
Test accuracy: 0.6829 
Test loss    : 1.31158

Epoch 7200 
Test accuracy: 0.6681 
Test loss    : 1.31527

Epoch 7300 
Test accuracy: 0.6769 
Test loss    : 1.31868

Epoch 7400 
Test accuracy: 0.6891 
Test loss    : 1.25702

Epoch 7500 
Test accuracy: 0.6811 
Test loss    : 1.2866

Epoch 7600 
Test accuracy: 0.6855 
Test loss    : 1.28929

Epoch 7700 
Test accuracy: 0.6933 
Test loss    : 1.30042

Epoch 7800 
Test accuracy: 0.6967 
Test loss    : 1.26648

Epoch 7900 
Test accuracy: 0.687 
Test loss    : 1.26543

Epoch 8000 
Test accuracy: 0.6829 
Test loss    : 1.29868
Model saved in file: checkpoints_1reg_lr1e4_sqrtinit_dropout50/epoch8000.ckpt

Epoch 8100 
Test accuracy: 0.6916 
Test loss    : 1.25195

Epoch 8200 
Test accuracy: 0.6952 
Test loss    : 1.27094

Epoch 8300 
Test accuracy: 0.671 
Test loss    : 1.29295

Epoch 8400 
Test accuracy: 0.692 
Test loss    : 1.28594

Epoch 8500 
Test accuracy: 0.701 
Test loss    : 1.23837

Epoch 8600 
Test accuracy: 0.699 
Test loss    : 1.24491

Epoch 8700 
Test accuracy: 0.6915 
Test loss    : 1.23391

Epoch 8800 
Test accuracy: 0.6919 
Test loss    : 1.2497

Epoch 8900 
Test accuracy: 0.696 
Test loss    : 1.27836

Epoch 9000 
Test accuracy: 0.6979 
Test loss    : 1.23519
Model saved in file: checkpoints_1reg_lr1e4_sqrtinit_dropout50/epoch9000.ckpt

Epoch 9100 
Test accuracy: 0.6985 
Test loss    : 1.22989

Epoch 9200 
Test accuracy: 0.7003 
Test loss    : 1.24075

Epoch 9300 
Test accuracy: 0.7039 
Test loss    : 1.23508

Epoch 9400 
Test accuracy: 0.6917 
Test loss    : 1.24672

Epoch 9500 
Test accuracy: 0.7124 
Test loss    : 1.24703

Epoch 9600 
Test accuracy: 0.7079 
Test loss    : 1.21865

Epoch 9700 
Test accuracy: 0.7046 
Test loss    : 1.22619

Epoch 9800 
Test accuracy: 0.7062 
Test loss    : 1.22106

Epoch 9900 
Test accuracy: 0.7057 
Test loss    : 1.25294

Epoch 10000 
Test accuracy: 0.7114 
Test loss    : 1.22024
Model saved in file: checkpoints_1reg_lr1e4_sqrtinit_dropout50/epoch10000.ckpt

Epoch 10100 
Test accuracy: 0.7039 
Test loss    : 1.21815

Epoch 10200 
Test accuracy: 0.7032 
Test loss    : 1.21591

Epoch 10300 
Test accuracy: 0.7083 
Test loss    : 1.22287

Epoch 10400 
Test accuracy: 0.694 
Test loss    : 1.24264

Epoch 10500 
Test accuracy: 0.7024 
Test loss    : 1.214

Epoch 10600 
Test accuracy: 0.7075 
Test loss    : 1.20208

Epoch 10700 
Test accuracy: 0.7106 
Test loss    : 1.20338

Epoch 10800 
Test accuracy: 0.7125 
Test loss    : 1.2064

Epoch 10900 
Test accuracy: 0.7066 
Test loss    : 1.20976

Epoch 11000 
Test accuracy: 0.7138 
Test loss    : 1.20477
Model saved in file: checkpoints_1reg_lr1e4_sqrtinit_dropout50/epoch11000.ckpt

Epoch 11100 
Test accuracy: 0.717 
Test loss    : 1.21868

Epoch 11200 
Test accuracy: 0.701 
Test loss    : 1.22808

Epoch 11300 
Test accuracy: 0.7124 
Test loss    : 1.21334

Epoch 11400 
Test accuracy: 0.7164 
Test loss    : 1.19949

Epoch 11500 
Test accuracy: 0.7162 
Test loss    : 1.17131

Epoch 11600 
Test accuracy: 0.7095 
Test loss    : 1.18146

Epoch 11700 
Test accuracy: 0.7034 
Test loss    : 1.21641

Epoch 11800 
Test accuracy: 0.7042 
Test loss    : 1.21359

Epoch 11900 
Test accuracy: 0.7085 
Test loss    : 1.1889

Epoch 12000 
Test accuracy: 0.7165 
Test loss    : 1.18793
Model saved in file: checkpoints_1reg_lr1e4_sqrtinit_dropout50/epoch12000.ckpt

Epoch 12100 
Test accuracy: 0.7122 
Test loss    : 1.16828

Epoch 12200 
Test accuracy: 0.7099 
Test loss    : 1.18283

Epoch 12300 
Test accuracy: 0.7223 
Test loss    : 1.1954

Epoch 12400 
Test accuracy: 0.7104 
Test loss    : 1.18261

Epoch 12500 
Test accuracy: 0.7157 
Test loss    : 1.18421

Epoch 12600 
Test accuracy: 0.7069 
Test loss    : 1.19413

Epoch 12700 
Test accuracy: 0.7164 
Test loss    : 1.16259

Epoch 12800 
Test accuracy: 0.7086 
Test loss    : 1.1862

Epoch 12900 
Test accuracy: 0.7136 
Test loss    : 1.14917

Epoch 13000 
Test accuracy: 0.7156 
Test loss    : 1.1732
Model saved in file: checkpoints_1reg_lr1e4_sqrtinit_dropout50/epoch13000.ckpt

Epoch 13100 
Test accuracy: 0.7202 
Test loss    : 1.17066

Epoch 13200 
Test accuracy: 0.721 
Test loss    : 1.20538

Epoch 13300 
Test accuracy: 0.7191 
Test loss    : 1.19187

Epoch 13400 
Test accuracy: 0.7114 
Test loss    : 1.17418

Epoch 13500 
Test accuracy: 0.7197 
Test loss    : 1.17257

Epoch 13600 
Test accuracy: 0.718 
Test loss    : 1.17152

Epoch 13700 
Test accuracy: 0.7221 
Test loss    : 1.14781

Epoch 13800 
Test accuracy: 0.7308 
Test loss    : 1.14623

Epoch 13900 
Test accuracy: 0.7235 
Test loss    : 1.17677

Epoch 14000 
Test accuracy: 0.7223 
Test loss    : 1.16557
Model saved in file: checkpoints_1reg_lr1e4_sqrtinit_dropout50/epoch14000.ckpt

Epoch 14100 
Test accuracy: 0.7265 
Test loss    : 1.14535

Epoch 14200 
Test accuracy: 0.7154 
Test loss    : 1.20186

Epoch 14300 
Test accuracy: 0.7274 
Test loss    : 1.17057

Epoch 14400 
Test accuracy: 0.7182 
Test loss    : 1.15197

Epoch 14500 
Test accuracy: 0.7245 
Test loss    : 1.13707

Epoch 14600 
Test accuracy: 0.7269 
Test loss    : 1.14466

Epoch 14700 
Test accuracy: 0.722 
Test loss    : 1.18679

Epoch 14800 
Test accuracy: 0.7143 
Test loss    : 1.15363

Epoch 14900 
Test accuracy: 0.7186 
Test loss    : 1.16905

Final test accuracy: 0.723 
Final test loss    : 1.1667
