save_stuff : True
data_dir : ./cifar10/cifar-10-batches-py
eval_freq : 1000
learning_rate : 0.0001
print_freq : 10
dropout_rate : 0.0
batch_size : 128
refine_after_k : 1000
checkpoint_dir : ./checkpoints_vgg
log_dir : ./logs/cifar10_vgg
checkpoint_freq : 5000
test_size : 10000
w_init : sqrt
max_steps : 10000
fc_reg_str : 0.0
imgshape (32, 32, 3)
pool5.shape: (?, ?, ?, 512)
0.0

Epoch 0 
Test accuracy: 0.0965 
Test loss    : 7.42514

Epoch 100 
Test accuracy: 0.4645 
Test loss    : 1.73912

Epoch 200 
Test accuracy: 0.5294 
Test loss    : 1.4715

Epoch 300 
Test accuracy: 0.558 
Test loss    : 1.34045

Epoch 400 
Test accuracy: 0.5825 
Test loss    : 1.26629

Epoch 500 
Test accuracy: 0.5919 
Test loss    : 1.22947

Epoch 600 
Test accuracy: 0.6033 
Test loss    : 1.18825

Epoch 700 
Test accuracy: 0.6132 
Test loss    : 1.15741

Epoch 800 
Test accuracy: 0.6176 
Test loss    : 1.14264

Epoch 900 
Test accuracy: 0.6222 
Test loss    : 1.13146

Epoch 1000 
Test accuracy: 0.6283 
Test loss    : 1.10964

Epoch 1100 
Test accuracy: 0.1 
Test loss    : 2.30265

Epoch 1200 
Test accuracy: 0.1 
Test loss    : 2.30264

Epoch 1300 
Test accuracy: 0.1 
Test loss    : 2.30264

Epoch 1400 
Test accuracy: 0.1 
Test loss    : 2.30263

Epoch 1500 
Test accuracy: 0.1 
Test loss    : 2.30262

Epoch 1600 
Test accuracy: 0.1 
Test loss    : 2.30261

Epoch 1700 
Test accuracy: 0.1 
Test loss    : 2.3026

Epoch 1800 
Test accuracy: 0.1 
Test loss    : 2.3026

Epoch 1900 
Test accuracy: 0.1 
Test loss    : 2.3026

Epoch 2000 
Test accuracy: 0.1 
Test loss    : 2.3026

Epoch 2100 
Test accuracy: 0.1 
Test loss    : 2.3026

Epoch 2200 
Test accuracy: 0.1 
Test loss    : 2.3026

Epoch 2300 
Test accuracy: 0.1 
Test loss    : 2.3026

Epoch 2400 
Test accuracy: 0.1 
Test loss    : 2.30259

Epoch 2500 
Test accuracy: 0.1 
Test loss    : 2.30259

Epoch 2600 
Test accuracy: 0.1 
Test loss    : 2.30259

Epoch 2700 
Test accuracy: 0.1 
Test loss    : 2.30259

Epoch 2800 
Test accuracy: 0.1 
Test loss    : 2.30259

Epoch 2900 
Test accuracy: 0.1 
Test loss    : 2.30259

Epoch 3000 
Test accuracy: 0.1 
Test loss    : 2.30259

Epoch 3100 
Test accuracy: 0.1 
Test loss    : 2.30259

Epoch 3200 
Test accuracy: 0.1 
Test loss    : 2.30259

Epoch 3300 
Test accuracy: 0.1 
Test loss    : 2.30259

Epoch 3400 
Test accuracy: 0.1 
Test loss    : 2.30259

Epoch 3500 
Test accuracy: 0.1 
Test loss    : 2.30259

Epoch 3600 
Test accuracy: 0.1 
Test loss    : 2.30259

Epoch 3700 
Test accuracy: 0.1 
Test loss    : 2.30259

Epoch 3800 
Test accuracy: 0.1 
Test loss    : 2.30259

Epoch 3900 
Test accuracy: 0.1 
Test loss    : 2.30259

Epoch 4000 
Test accuracy: 0.1 
Test loss    : 2.30259

Epoch 4100 
Test accuracy: 0.1 
Test loss    : 2.30259

Epoch 4200 
Test accuracy: 0.1 
Test loss    : 2.30259

Epoch 4300 
Test accuracy: 0.1 
Test loss    : 2.30259

Epoch 4400 
Test accuracy: 0.1 
Test loss    : 2.30259

Epoch 4500 
Test accuracy: 0.1 
Test loss    : 2.30259

Epoch 4600 
Test accuracy: 0.1 
Test loss    : 2.30259

Epoch 4700 
Test accuracy: 0.1 
Test loss    : 2.30259

Epoch 4800 
Test accuracy: 0.1 
Test loss    : 2.30259

Epoch 4900 
Test accuracy: 0.1 
Test loss    : 2.30259

Epoch 5000 
Test accuracy: 0.1 
Test loss    : 2.30259
Model saved in file: ./checkpoints_vgg/epoch5000_k1000.ckpt

Epoch 5100 
Test accuracy: 0.1 
Test loss    : 2.30259

Epoch 5200 
Test accuracy: 0.1 
Test loss    : 2.30259

Epoch 5300 
Test accuracy: 0.1 
Test loss    : 2.30259

Epoch 5400 
Test accuracy: 0.1 
Test loss    : 2.30259

Epoch 5500 
Test accuracy: 0.1 
Test loss    : 2.30259

Epoch 5600 
Test accuracy: 0.1 
Test loss    : 2.30259

Epoch 5700 
Test accuracy: 0.1 
Test loss    : 2.30259

Epoch 5800 
Test accuracy: 0.1 
Test loss    : 2.30259

Epoch 5900 
Test accuracy: 0.1 
Test loss    : 2.30259

Epoch 6000 
Test accuracy: 0.1 
Test loss    : 2.30259

Epoch 6100 
Test accuracy: 0.1 
Test loss    : 2.30259
